Arguments: 
  /Users/mkuehl/.ndenv/versions/8.10.0/bin/node /Users/mkuehl/.ndenv/versions/8.10.0/bin/yarn deploy

PATH: 
  /Users/mkuehl/.ndenv/versions/8.10.0/bin:/Users/mkuehl/.ndenv/libexec:/Users/mkuehl/.ndenv/plugins/node-build/bin:/Users/mkuehl/.gvm/pkgsets/go1.4.3/global/bin:/Users/mkuehl/.gvm/gos/go1.4.3/bin:/Users/mkuehl/.gvm/pkgsets/go1.4.3/global/overlay/bin:/Users/mkuehl/.gvm/bin:/Users/mkuehl/.gvm/bin:/Users/mkuehl/google-cloud-sdk/bin:/Users/mkuehl/.pyenv/bin:/Users/mkuehl/.ndenv/shims:/Users/mkuehl/.ndenv/bin:/Users/mkuehl/.rbenv/shims:/Users/mkuehl/.rbenv/shims:/Users/mkuehl/.rbenv/bin:/usr/local/mysql/bin:bin:/opt/local/bin:/opt/local/sbin:/usr/local/sbin:/usr/local/bin:/bin:/usr/bin:/usr/local/bin:/usr/bin:/bin:/usr/sbin:/sbin:/Users/mkuehl/.mos/bin

Yarn version: 
  1.5.1

Node version: 
  8.10.0

Platform: 
  darwin x64

npm manifest: 
  {
    "name": "losant-docs",
    "scripts": {
      "start": "mkdocs serve",
      "gzip": "find site -type f -exec gzip '{}' \\; -exec mv '{}.gz' '{}' \\;",
      "gunzip": "find site -type f -exec gunzip -S \"\" -f '{}' \\;",
      "predeploy": "mkdocs build --clean",
      "deploy": "npm run gzip && s3-cli --region=us-west-2 --config .s3 -P --delete-removed --add-header=\"Cache-Control:public,max-age=3600\" --add-header=Content-Encoding:gzip sync ./site s3://docs.losant.com/ && npm run gunzip",
      "deploy:prerelease": "mkdocs build --clean && PYENV_VERSION=2.7 gsutil -m rsync -c -R ./site gs://docs.prerelease.losant.com"
    },
    "devDependencies": {
      "s3-cli": "^0.13.0"
    }
  }

yarn manifest: 
  No manifest

Lockfile: 
  # THIS IS AN AUTOGENERATED FILE. DO NOT EDIT THIS FILE DIRECTLY.
  # yarn lockfile v1
  
  
  aws-sdk@~2.0.17:
    version "2.0.31"
    resolved "https://registry.yarnpkg.com/aws-sdk/-/aws-sdk-2.0.31.tgz#e72cf1fdc69015bd9fd2bdf3d3b88c16507d268e"
    dependencies:
      xml2js "0.2.6"
      xmlbuilder "0.4.2"
  
  fd-slicer@~0.1.0:
    version "0.1.0"
    resolved "https://registry.yarnpkg.com/fd-slicer/-/fd-slicer-0.1.0.tgz#f597141dfe8a2841756fd54150a78fe0bec4bc03"
    dependencies:
      pend "~1.1.2"
  
  findit@~2.0.0:
    version "2.0.0"
    resolved "https://registry.yarnpkg.com/findit/-/findit-2.0.0.tgz#6509f0126af4c178551cfa99394e032e13a4d56e"
  
  graceful-fs@~3.0.2:
    version "3.0.11"
    resolved "https://registry.yarnpkg.com/graceful-fs/-/graceful-fs-3.0.11.tgz#7613c778a1afea62f25c630a086d7f3acbbdd818"
    dependencies:
      natives "^1.1.0"
  
  human-size@~1.1.0:
    version "1.1.0"
    resolved "https://registry.yarnpkg.com/human-size/-/human-size-1.1.0.tgz#052562be999841c037022c20259990c56ea996f9"
  
  ini@~1.2.1:
    version "1.2.1"
    resolved "https://registry.yarnpkg.com/ini/-/ini-1.2.1.tgz#7f774e2f22752cd1dacbf9c63323df2a164ebca3"
  
  mime@~1.2.11:
    version "1.2.11"
    resolved "https://registry.yarnpkg.com/mime/-/mime-1.2.11.tgz#58203eed86e3a5ef17aed2b7d9ebd47f0a60dd10"
  
  minimist@0.0.8:
    version "0.0.8"
    resolved "https://registry.yarnpkg.com/minimist/-/minimist-0.0.8.tgz#857fcabfc3397d2625b8228262e86aa7a011b05d"
  
  minimist@~1.1.0:
    version "1.1.3"
    resolved "https://registry.yarnpkg.com/minimist/-/minimist-1.1.3.tgz#3bedfd91a92d39016fcfaa1c681e8faa1a1efda8"
  
  mkdirp@~0.5.0:
    version "0.5.1"
    resolved "https://registry.yarnpkg.com/mkdirp/-/mkdirp-0.5.1.tgz#30057438eac6cf7f8c4767f38648d6697d75c903"
    dependencies:
      minimist "0.0.8"
  
  natives@^1.1.0:
    version "1.1.0"
    resolved "https://registry.yarnpkg.com/natives/-/natives-1.1.0.tgz#e9ff841418a6b2ec7a495e939984f78f163e6e31"
  
  os-homedir@^1.0.0:
    version "1.0.2"
    resolved "https://registry.yarnpkg.com/os-homedir/-/os-homedir-1.0.2.tgz#ffbc4988336e0e833de0c168c7ef152121aa7fb3"
  
  os-tmpdir@^1.0.0:
    version "1.0.2"
    resolved "https://registry.yarnpkg.com/os-tmpdir/-/os-tmpdir-1.0.2.tgz#bbe67406c79aa85c5cfec766fe5734555dfa1274"
  
  osenv@~0.1.0:
    version "0.1.4"
    resolved "https://registry.yarnpkg.com/osenv/-/osenv-0.1.4.tgz#42fe6d5953df06c8064be6f176c3d05aaaa34644"
    dependencies:
      os-homedir "^1.0.0"
      os-tmpdir "^1.0.0"
  
  pend@~1.1.2:
    version "1.1.3"
    resolved "https://registry.yarnpkg.com/pend/-/pend-1.1.3.tgz#ca68dd39e6dd7f8d3f8801dcdbcb44846c431845"
  
  rimraf@~2.2.8:
    version "2.2.8"
    resolved "https://registry.yarnpkg.com/rimraf/-/rimraf-2.2.8.tgz#e439be2aaee327321952730f99a8929e4fc50582"
  
  s3-cli@^0.13.0:
    version "0.13.0"
    resolved "https://registry.yarnpkg.com/s3-cli/-/s3-cli-0.13.0.tgz#a47b800be76377952eb2cdb097dc655252a64aaa"
    dependencies:
      human-size "~1.1.0"
      ini "~1.2.1"
      minimist "~1.1.0"
      osenv "~0.1.0"
      s3 "~4.2.0"
  
  s3@~4.2.0:
    version "4.2.0"
    resolved "https://registry.yarnpkg.com/s3/-/s3-4.2.0.tgz#7c19255d57a8fd45761d2eeb2f720316aa5775c9"
    dependencies:
      aws-sdk "~2.0.17"
      fd-slicer "~0.1.0"
      findit "~2.0.0"
      graceful-fs "~3.0.2"
      mime "~1.2.11"
      mkdirp "~0.5.0"
      pend "~1.1.2"
      rimraf "~2.2.8"
  
  sax@0.4.2:
    version "0.4.2"
    resolved "https://registry.yarnpkg.com/sax/-/sax-0.4.2.tgz#39f3b601733d6bec97105b242a2a40fd6978ac3c"
  
  xml2js@0.2.6:
    version "0.2.6"
    resolved "https://registry.yarnpkg.com/xml2js/-/xml2js-0.2.6.tgz#d209c4e4dda1fc9c452141ef41c077f5adfdf6c4"
    dependencies:
      sax "0.4.2"
  
  xmlbuilder@0.4.2:
    version "0.4.2"
    resolved "https://registry.yarnpkg.com/xmlbuilder/-/xmlbuilder-0.4.2.tgz#1776d65f3fdbad470a08d8604cdeb1c4e540ff83"

Trace: 
  Error: Command failed.
  Exit code: 1
  Command: sh
  Arguments: -c mkdocs build --clean
  Directory: /Users/mkuehl/projects/losant-docs
  Output:
  
      at ProcessTermError.MessageError (/Users/mkuehl/.ndenv/versions/8.10.0/lib/node_modules/yarn/lib/cli.js:186:110)
      at new ProcessTermError (/Users/mkuehl/.ndenv/versions/8.10.0/lib/node_modules/yarn/lib/cli.js:226:113)
      at ChildProcess.<anonymous> (/Users/mkuehl/.ndenv/versions/8.10.0/lib/node_modules/yarn/lib/cli.js:30281:17)
      at emitTwo (events.js:126:13)
      at ChildProcess.emit (events.js:214:7)
      at maybeClose (internal/child_process.js:925:16)
      at Process.ChildProcess._handle.onexit (internal/child_process.js:209:5)
